Determining if the pthread_create exist failed with the following output:
Change Dir: /home/cona/tm_gui/build/CMakeFiles/CMakeTmp

Run Build Command:"/usr/bin/make" "cmTC_27097/fast"
/usr/bin/make -f CMakeFiles/cmTC_27097.dir/build.make CMakeFiles/cmTC_27097.dir/build
make[1]: Entering directory '/home/cona/tm_gui/build/CMakeFiles/CMakeTmp'
Building C object CMakeFiles/cmTC_27097.dir/CheckSymbolExists.c.o
/usr/bin/cc     -o CMakeFiles/cmTC_27097.dir/CheckSymbolExists.c.o   -c /home/cona/tm_gui/build/CMakeFiles/CMakeTmp/CheckSymbolExists.c
Linking C executable cmTC_27097
/usr/bin/cmake -E cmake_link_script CMakeFiles/cmTC_27097.dir/link.txt --verbose=1
/usr/bin/cc       CMakeFiles/cmTC_27097.dir/CheckSymbolExists.c.o  -o cmTC_27097 -rdynamic 
CMakeFiles/cmTC_27097.dir/CheckSymbolExists.c.o: In function `main':
CheckSymbolExists.c:(.text+0x16): undefined reference to `pthread_create'
collect2: error: ld returned 1 exit status
CMakeFiles/cmTC_27097.dir/build.make:97: recipe for target 'cmTC_27097' failed
make[1]: *** [cmTC_27097] Error 1
make[1]: Leaving directory '/home/cona/tm_gui/build/CMakeFiles/CMakeTmp'
Makefile:126: recipe for target 'cmTC_27097/fast' failed
make: *** [cmTC_27097/fast] Error 2

File /home/cona/tm_gui/build/CMakeFiles/CMakeTmp/CheckSymbolExists.c:
/* */
#include <pthread.h>

int main(int argc, char** argv)
{
  (void)argv;
#ifndef pthread_create
  return ((int*)(&pthread_create))[argc];
#else
  (void)argc;
  return 0;
#endif
}

Determining if the function pthread_create exists in the pthreads failed with the following output:
Change Dir: /home/cona/tm_gui/build/CMakeFiles/CMakeTmp

Run Build Command:"/usr/bin/make" "cmTC_77edd/fast"
/usr/bin/make -f CMakeFiles/cmTC_77edd.dir/build.make CMakeFiles/cmTC_77edd.dir/build
make[1]: Entering directory '/home/cona/tm_gui/build/CMakeFiles/CMakeTmp'
Building C object CMakeFiles/cmTC_77edd.dir/CheckFunctionExists.c.o
/usr/bin/cc    -DCHECK_FUNCTION_EXISTS=pthread_create   -o CMakeFiles/cmTC_77edd.dir/CheckFunctionExists.c.o   -c /usr/share/cmake-3.5/Modules/CheckFunctionExists.c
Linking C executable cmTC_77edd
/usr/bin/cmake -E cmake_link_script CMakeFiles/cmTC_77edd.dir/link.txt --verbose=1
/usr/bin/cc   -DCHECK_FUNCTION_EXISTS=pthread_create    CMakeFiles/cmTC_77edd.dir/CheckFunctionExists.c.o  -o cmTC_77edd -rdynamic -lpthreads 
/usr/bin/ld: cannot find -lpthreads
collect2: error: ld returned 1 exit status
CMakeFiles/cmTC_77edd.dir/build.make:97: recipe for target 'cmTC_77edd' failed
make[1]: *** [cmTC_77edd] Error 1
make[1]: Leaving directory '/home/cona/tm_gui/build/CMakeFiles/CMakeTmp'
Makefile:126: recipe for target 'cmTC_77edd/fast' failed
make: *** [cmTC_77edd/fast] Error 2


